2024-03-31 10:28:16,969 - INFO - INITIATING PROCESSES...
2024-03-31 10:28:17,658 - INFO - RUNNING THE CONVERSION PROCESS FROM EVENT_ATTENDEES.CSV
2024-03-31 10:28:17,664 - INFO - CONVERTING COLUMNS
2024-03-31 10:28:18,429 - INFO - CHECKING FOR OVERLAPS
2024-03-31 10:28:18,675 - WARNING - FOUND POTENIAL OVERLAPS IN DATA
2024-03-31 10:28:18,675 - INFO - RESOLVING OVERLAPS
2024-03-31 10:28:21,254 - INFO - OVERLAPS RESOLVED
2024-03-31 10:28:21,254 - INFO - ENCODING VARIABLES
2024-03-31 10:28:27,361 - INFO - ENCODING SUCCESSFULLY COMPLETED
2024-03-31 10:28:27,361 - INFO - STARTING SCORE CALCULATION
2024-03-31 10:28:37,461 - INFO - SCORE CALCULATION COMPLETED
2024-03-31 10:28:37,462 - INFO - EVENT_ATTENDEES.CSV SUCCESSFULLY CONVERTED
2024-03-31 10:28:37,462 - INFO - EXPORTING AS CSV
2024-03-31 10:30:04,221 - INFO - INITIATING PROCESSES...
2024-03-31 10:30:04,818 - INFO - RUNNING THE CONVERSION PROCESS FROM EVENT_ATTENDEES.CSV
2024-03-31 10:30:04,823 - INFO - CONVERTING COLUMNS
2024-03-31 10:30:05,594 - INFO - CHECKING FOR OVERLAPS
2024-03-31 10:30:05,830 - WARNING - FOUND POTENIAL OVERLAPS IN DATA
2024-03-31 10:30:05,830 - INFO - RESOLVING OVERLAPS
2024-03-31 10:30:08,409 - INFO - OVERLAPS RESOLVED
2024-03-31 10:30:08,409 - INFO - ENCODING VARIABLES
2024-03-31 10:30:14,212 - INFO - ENCODING SUCCESSFULLY COMPLETED
2024-03-31 10:30:14,212 - INFO - STARTING SCORE CALCULATION
2024-03-31 10:30:23,925 - INFO - SCORE CALCULATION COMPLETED
2024-03-31 10:30:23,925 - INFO - EVENT_ATTENDEES.CSV SUCCESSFULLY CONVERTED
2024-03-31 10:30:23,925 - INFO - EXPORTING AS CSV
2024-03-31 10:30:26,877 - INFO - EXPORTED SUCCESSFULLY!
2024-03-31 10:49:19,392 - INFO - INITIATING PROCESSES...
2024-03-31 10:49:20,218 - INFO - RUNNING THE CONVERSION PROCESS FROM EVENT_ATTENDEES.CSV
2024-03-31 10:49:20,229 - INFO - CONVERTING COLUMNS
2024-03-31 10:49:21,116 - INFO - CHECKING FOR OVERLAPS
2024-03-31 10:49:21,409 - WARNING - FOUND POTENIAL OVERLAPS IN DATA
2024-03-31 10:49:21,409 - INFO - RESOLVING OVERLAPS
2024-03-31 10:49:24,229 - INFO - OVERLAPS RESOLVED
2024-03-31 10:49:24,230 - INFO - ENCODING VARIABLES
2024-03-31 10:49:31,221 - INFO - ENCODING SUCCESSFULLY COMPLETED
2024-03-31 10:49:31,221 - INFO - STARTING SCORE CALCULATION
2024-03-31 10:49:42,619 - INFO - SCORE CALCULATION COMPLETED
2024-03-31 10:49:42,619 - INFO - EVENT_ATTENDEES.CSV SUCCESSFULLY CONVERTED
2024-03-31 10:49:42,619 - INFO - EXPORTING AS CSV
2024-03-31 10:49:46,642 - INFO - EXPORTED SUCCESSFULLY!
